[debug] [2022-02-05T17:04:31.050Z] ----------------------------------------------------------------------
[debug] [2022-02-05T17:04:31.052Z] Command:       C:\Program Files\nodejs\node.exe C:\Users\Nikos\AppData\Roaming\npm\node_modules\firebase-tools\lib\bin\firebase.js emulators:start --only functions
[debug] [2022-02-05T17:04:31.053Z] CLI Version:   10.1.2
[debug] [2022-02-05T17:04:31.053Z] Platform:      win32
[debug] [2022-02-05T17:04:31.053Z] Node Version:  v16.13.1
[debug] [2022-02-05T17:04:31.055Z] Time:          Sat Feb 05 2022 19:04:31 GMT+0200 (Χειμερινή ώρα Ανατολικής Ευρώπης)
[debug] [2022-02-05T17:04:31.055Z] ----------------------------------------------------------------------
[debug] 
[debug] [2022-02-05T17:04:31.137Z] > command requires scopes: ["email","openid","https://www.googleapis.com/auth/cloudplatformprojects.readonly","https://www.googleapis.com/auth/firebase","https://www.googleapis.com/auth/cloud-platform"]
[debug] [2022-02-05T17:04:31.137Z] > authorizing via signed-in user (fliataris6@gmail.com)
[info] i  emulators: Starting emulators: functions {"metadata":{"emulator":{"name":"hub"},"message":"Starting emulators: functions"}}
[warn] !  emulators: It seems that you are running multiple instances of the emulator suite for project eshop-8bfe9. This may result in unexpected behavior. 
[debug] [2022-02-05T17:04:31.173Z] [hub] writing locator at C:\Users\Nikos\AppData\Local\Temp\hub-eshop-8bfe9.json
[warn] !  functions: The following emulators are not running, calls to these services from the Functions emulator will affect production: auth, firestore, database, hosting, pubsub, storage {"metadata":{"emulator":{"name":"functions"},"message":"The following emulators are not running, calls to these services from the Functions emulator will affect production: \u001b[1mauth, firestore, database, hosting, pubsub, storage\u001b[22m"}}
[info] +  functions: Using node@16 from host. {"metadata":{"emulator":{"name":"functions"},"message":"Using node@16 from host."}}
[warn] !  Your requested "node" version "16" doesn't match your global version "16" {"metadata":{"emulator":{"name":"functions"},"message":"Your requested \"node\" version \"16\" doesn't match your global version \"16\""}}
[debug] [2022-02-05T17:04:31.228Z] defaultcredentials: writing to file C:\Users\Nikos\AppData\Roaming\firebase\fliataris6_gmail_com_application_default_credentials.json
[debug] [2022-02-05T17:04:31.235Z] Setting GAC to C:\Users\Nikos\AppData\Roaming\firebase\fliataris6_gmail_com_application_default_credentials.json {"metadata":{"emulator":{"name":"functions"},"message":"Setting GAC to C:\\Users\\Nikos\\AppData\\Roaming\\firebase\\fliataris6_gmail_com_application_default_credentials.json"}}
[debug] [2022-02-05T17:04:31.239Z] >>> [apiv2][query] GET https://firebase.googleapis.com/v1beta1/projects/eshop-8bfe9/adminSdkConfig [none]
[debug] [2022-02-05T17:04:31.617Z] <<< [apiv2][status] GET https://firebase.googleapis.com/v1beta1/projects/eshop-8bfe9/adminSdkConfig 200
[debug] [2022-02-05T17:04:31.618Z] <<< [apiv2][body] GET https://firebase.googleapis.com/v1beta1/projects/eshop-8bfe9/adminSdkConfig {"projectId":"eshop-8bfe9","databaseURL":"https://eshop-8bfe9-default-rtdb.europe-west1.firebasedatabase.app","storageBucket":"eshop-8bfe9.appspot.com","locationId":"europe-west"}
[warn] !  ui: Emulator UI unable to start on port 4000, starting on 4001 instead. {"metadata":{"emulator":{"name":"ui"},"message":"Emulator UI unable to start on port 4000, starting on 4001 instead."}}
[debug] [2022-02-05T17:04:31.769Z] Ignoring unsupported arg: auto_download {"metadata":{"emulator":{"name":"ui"},"message":"Ignoring unsupported arg: auto_download"}}
[debug] [2022-02-05T17:04:31.770Z] Ignoring unsupported arg: port {"metadata":{"emulator":{"name":"ui"},"message":"Ignoring unsupported arg: port"}}
[debug] [2022-02-05T17:04:31.770Z] Starting Emulator UI with command {"binary":"node","args":["C:\\Users\\Nikos\\.cache\\firebase\\emulators\\ui-v1.6.4\\server.bundle.js"],"optionalArgs":[],"joinArgs":false} {"metadata":{"emulator":{"name":"ui"},"message":"Starting Emulator UI with command {\"binary\":\"node\",\"args\":[\"C:\\\\Users\\\\Nikos\\\\.cache\\\\firebase\\\\emulators\\\\ui-v1.6.4\\\\server.bundle.js\"],\"optionalArgs\":[],\"joinArgs\":false}"}}
[info] i  ui: Emulator UI logging to ui-debug.log {"metadata":{"emulator":{"name":"ui"},"message":"Emulator UI logging to \u001b[1mui-debug.log\u001b[22m"}}
[debug] [2022-02-05T17:04:31.978Z] Web / API server started at localhost:4001
 {"metadata":{"emulator":{"name":"ui"},"message":"Web / API server started at localhost:4001\n"}}
[info] i  functions: Watching "C:\Users\Nikos\Documents\React Projects\Eshop\Front-end\functions" for Cloud Functions... {"metadata":{"emulator":{"name":"functions"},"message":"Watching \"C:\\Users\\Nikos\\Documents\\React Projects\\Eshop\\Front-end\\functions\" for Cloud Functions..."}}
[debug] [2022-02-05T17:04:32.104Z] [worker-pool] addWorker(~diagnostic~) {"metadata":{"emulator":{"name":"functions"},"message":"[worker-pool] addWorker(~diagnostic~)"}}
[debug] [2022-02-05T17:04:32.104Z] [worker-pool] Adding worker with key ~diagnostic~, total=1 {"metadata":{"emulator":{"name":"functions"},"message":"[worker-pool] Adding worker with key ~diagnostic~, total=1"}}
[debug] [2022-02-05T17:04:32.105Z] [worker-pool] submitWork(triggerId=) {"metadata":{"emulator":{"name":"functions"},"message":"[worker-pool] submitWork(triggerId=)"}}
[debug] [2022-02-05T17:04:32.105Z] [worker-~diagnostic~-8e1a5db1-5e55-4721-826e-a1b688ec7ff9]: Assigning socketPath: \\?\pipe\C:\Users\Nikos\Documents\React Projects\Eshop\Front-end\functions\1408 {"metadata":{"emulator":{"name":"functions"},"message":"[worker-~diagnostic~-8e1a5db1-5e55-4721-826e-a1b688ec7ff9]: Assigning socketPath: \\\\?\\pipe\\C:\\Users\\Nikos\\Documents\\React Projects\\Eshop\\Front-end\\functions\\1408"}}
[debug] [2022-02-05T17:04:32.106Z] [worker-~diagnostic~-8e1a5db1-5e55-4721-826e-a1b688ec7ff9]: BUSY {"metadata":{"emulator":{"name":"functions"},"message":"[worker-~diagnostic~-8e1a5db1-5e55-4721-826e-a1b688ec7ff9]: BUSY"}}
[debug] [2022-02-05T17:04:32.398Z] [runtime-status] [1408] Functions runtime initialized. {"cwd":"C:\\Users\\Nikos\\Documents\\React Projects\\Eshop\\Front-end\\functions","node_version":"16.13.1"} {"metadata":{"emulator":{"name":"functions"},"message":"[runtime-status] [1408] Functions runtime initialized. {\"cwd\":\"C:\\\\Users\\\\Nikos\\\\Documents\\\\React Projects\\\\Eshop\\\\Front-end\\\\functions\",\"node_version\":\"16.13.1\"}"}}
[debug] [2022-02-05T17:04:32.399Z] [runtime-status] [1408] Disabled runtime features: undefined {"metadata":{"emulator":{"name":"functions"},"message":"[runtime-status] [1408] Disabled runtime features: undefined"}}
[debug] [2022-02-05T17:04:32.404Z] [runtime-status] [1408] Resolved module firebase-admin {"declared":true,"installed":true,"version":"9.12.0","resolution":"C:\\Users\\Nikos\\Documents\\React Projects\\Eshop\\Front-end\\functions\\node_modules\\firebase-admin\\lib\\index.js"} {"metadata":{"emulator":{"name":"functions"},"message":"[runtime-status] [1408] Resolved module firebase-admin {\"declared\":true,\"installed\":true,\"version\":\"9.12.0\",\"resolution\":\"C:\\\\Users\\\\Nikos\\\\Documents\\\\React Projects\\\\Eshop\\\\Front-end\\\\functions\\\\node_modules\\\\firebase-admin\\\\lib\\\\index.js\"}"}}
[debug] [2022-02-05T17:04:32.408Z] [runtime-status] [1408] Resolved module firebase-functions {"declared":true,"installed":true,"version":"3.16.0","resolution":"C:\\Users\\Nikos\\Documents\\React Projects\\Eshop\\Front-end\\functions\\node_modules\\firebase-functions\\lib\\index.js"} {"metadata":{"emulator":{"name":"functions"},"message":"[runtime-status] [1408] Resolved module firebase-functions {\"declared\":true,\"installed\":true,\"version\":\"3.16.0\",\"resolution\":\"C:\\\\Users\\\\Nikos\\\\Documents\\\\React Projects\\\\Eshop\\\\Front-end\\\\functions\\\\node_modules\\\\firebase-functions\\\\lib\\\\index.js\"}"}}
[debug] [2022-02-05T17:04:32.410Z] [runtime-status] [1408] Outgoing network have been stubbed. [{"name":"http","status":"mocked"},{"name":"http","status":"mocked"},{"name":"https","status":"mocked"},{"name":"https","status":"mocked"},{"name":"net","status":"mocked"}] {"metadata":{"emulator":{"name":"functions"},"message":"[runtime-status] [1408] Outgoing network have been stubbed. [{\"name\":\"http\",\"status\":\"mocked\"},{\"name\":\"http\",\"status\":\"mocked\"},{\"name\":\"https\",\"status\":\"mocked\"},{\"name\":\"https\",\"status\":\"mocked\"},{\"name\":\"net\",\"status\":\"mocked\"}]"}}
[debug] [2022-02-05T17:04:32.413Z] [runtime-status] [1408] Resolved module firebase-functions {"declared":true,"installed":true,"version":"3.16.0","resolution":"C:\\Users\\Nikos\\Documents\\React Projects\\Eshop\\Front-end\\functions\\node_modules\\firebase-functions\\lib\\index.js"} {"metadata":{"emulator":{"name":"functions"},"message":"[runtime-status] [1408] Resolved module firebase-functions {\"declared\":true,\"installed\":true,\"version\":\"3.16.0\",\"resolution\":\"C:\\\\Users\\\\Nikos\\\\Documents\\\\React Projects\\\\Eshop\\\\Front-end\\\\functions\\\\node_modules\\\\firebase-functions\\\\lib\\\\index.js\"}"}}
[debug] [2022-02-05T17:04:32.486Z] [runtime-status] [1408] Checked functions.config() {"config":{}} {"metadata":{"emulator":{"name":"functions"},"message":"[runtime-status] [1408] Checked functions.config() {\"config\":{}}"}}
[debug] [2022-02-05T17:04:32.486Z] [runtime-status] [1408] firebase-functions has been stubbed. {"functionsResolution":{"declared":true,"installed":true,"version":"3.16.0","resolution":"C:\\Users\\Nikos\\Documents\\React Projects\\Eshop\\Front-end\\functions\\node_modules\\firebase-functions\\lib\\index.js"}} {"metadata":{"emulator":{"name":"functions"},"message":"[runtime-status] [1408] firebase-functions has been stubbed. {\"functionsResolution\":{\"declared\":true,\"installed\":true,\"version\":\"3.16.0\",\"resolution\":\"C:\\\\Users\\\\Nikos\\\\Documents\\\\React Projects\\\\Eshop\\\\Front-end\\\\functions\\\\node_modules\\\\firebase-functions\\\\lib\\\\index.js\"}}"}}
[debug] [2022-02-05T17:04:32.487Z] [runtime-status] [1408] Resolved module firebase-functions {"declared":true,"installed":true,"version":"3.16.0","resolution":"C:\\Users\\Nikos\\Documents\\React Projects\\Eshop\\Front-end\\functions\\node_modules\\firebase-functions\\lib\\index.js"} {"metadata":{"emulator":{"name":"functions"},"message":"[runtime-status] [1408] Resolved module firebase-functions {\"declared\":true,\"installed\":true,\"version\":\"3.16.0\",\"resolution\":\"C:\\\\Users\\\\Nikos\\\\Documents\\\\React Projects\\\\Eshop\\\\Front-end\\\\functions\\\\node_modules\\\\firebase-functions\\\\lib\\\\index.js\"}"}}
[debug] [2022-02-05T17:04:32.490Z] [runtime-status] [1408] Resolved module firebase-admin {"declared":true,"installed":true,"version":"9.12.0","resolution":"C:\\Users\\Nikos\\Documents\\React Projects\\Eshop\\Front-end\\functions\\node_modules\\firebase-admin\\lib\\index.js"} {"metadata":{"emulator":{"name":"functions"},"message":"[runtime-status] [1408] Resolved module firebase-admin {\"declared\":true,\"installed\":true,\"version\":\"9.12.0\",\"resolution\":\"C:\\\\Users\\\\Nikos\\\\Documents\\\\React Projects\\\\Eshop\\\\Front-end\\\\functions\\\\node_modules\\\\firebase-admin\\\\lib\\\\index.js\"}"}}
[debug] [2022-02-05T17:04:32.491Z] [runtime-status] [1408] Resolved module firebase-functions {"declared":true,"installed":true,"version":"3.16.0","resolution":"C:\\Users\\Nikos\\Documents\\React Projects\\Eshop\\Front-end\\functions\\node_modules\\firebase-functions\\lib\\index.js"} {"metadata":{"emulator":{"name":"functions"},"message":"[runtime-status] [1408] Resolved module firebase-functions {\"declared\":true,\"installed\":true,\"version\":\"3.16.0\",\"resolution\":\"C:\\\\Users\\\\Nikos\\\\Documents\\\\React Projects\\\\Eshop\\\\Front-end\\\\functions\\\\node_modules\\\\firebase-functions\\\\lib\\\\index.js\"}"}}
[debug] [2022-02-05T17:04:32.491Z] [runtime-status] [1408] firebase-admin has been stubbed. {"adminResolution":{"declared":true,"installed":true,"version":"9.12.0","resolution":"C:\\Users\\Nikos\\Documents\\React Projects\\Eshop\\Front-end\\functions\\node_modules\\firebase-admin\\lib\\index.js"}} {"metadata":{"emulator":{"name":"functions"},"message":"[runtime-status] [1408] firebase-admin has been stubbed. {\"adminResolution\":{\"declared\":true,\"installed\":true,\"version\":\"9.12.0\",\"resolution\":\"C:\\\\Users\\\\Nikos\\\\Documents\\\\React Projects\\\\Eshop\\\\Front-end\\\\functions\\\\node_modules\\\\firebase-admin\\\\lib\\\\index.js\"}}"}}
[info] +  functions[us-central1-api]: http function initialized (http://localhost:5001/eshop-8bfe9/us-central1/api). {"metadata":{"emulator":{"name":"functions"},"message":"\u001b[1mhttp\u001b[22m function initialized (http://localhost:5001/eshop-8bfe9/us-central1/api)."}}
[info] 
┌─────────────────────────────────────────────────────────────┐
│ ✔  All emulators ready! It is now safe to connect your app. │
│ i  View Emulator UI at http://localhost:4001                │
└─────────────────────────────────────────────────────────────┘

┌───────────┬────────────────┬─────────────────────────────────┐
│ Emulator  │ Host:Port      │ View in Emulator UI             │
├───────────┼────────────────┼─────────────────────────────────┤
│ Functions │ localhost:5001 │ http://localhost:4001/functions │
└───────────┴────────────────┴─────────────────────────────────┘
  Emulator Hub running at localhost:4400
  Other reserved ports: 4500

Issues? Report them at https://github.com/firebase/firebase-tools/issues and attach the *-debug.log files.
 
[debug] [2022-02-05T17:04:32.810Z] [worker-~diagnostic~-8e1a5db1-5e55-4721-826e-a1b688ec7ff9]: IDLE {"metadata":{"emulator":{"name":"functions"},"message":"[worker-~diagnostic~-8e1a5db1-5e55-4721-826e-a1b688ec7ff9]: IDLE"}}
[debug] [2022-02-05T17:04:40.756Z] [work-queue] {"queueLength":1,"workRunningCount":0}
[debug] [2022-02-05T17:04:40.756Z] [work-queue] {"queueLength":0,"workRunningCount":1}
[debug] [2022-02-05T17:04:40.756Z] Accepted request GET /eshop-8bfe9/us-central1/api --> us-central1-api
[debug] [2022-02-05T17:04:40.772Z] [worker-pool] addWorker(us-central1-api) {"metadata":{"emulator":{"name":"functions"},"message":"[worker-pool] addWorker(us-central1-api)"}}
[debug] [2022-02-05T17:04:40.773Z] [worker-pool] Adding worker with key us-central1-api, total=1 {"metadata":{"emulator":{"name":"functions"},"message":"[worker-pool] Adding worker with key us-central1-api, total=1"}}
[debug] [2022-02-05T17:04:40.773Z] [worker-pool] submitWork(triggerId=us-central1-api) {"metadata":{"emulator":{"name":"functions"},"message":"[worker-pool] submitWork(triggerId=us-central1-api)"}}
[debug] [2022-02-05T17:04:40.773Z] [worker-us-central1-api-2e67ed4a-5fb9-444c-acea-728819d63628]: Assigning socketPath: \\?\pipe\C:\Users\Nikos\Documents\React Projects\Eshop\Front-end\functions\11604 {"metadata":{"emulator":{"name":"functions"},"message":"[worker-us-central1-api-2e67ed4a-5fb9-444c-acea-728819d63628]: Assigning socketPath: \\\\?\\pipe\\C:\\Users\\Nikos\\Documents\\React Projects\\Eshop\\Front-end\\functions\\11604"}}
[debug] [2022-02-05T17:04:40.773Z] [worker-us-central1-api-2e67ed4a-5fb9-444c-acea-728819d63628]: BUSY {"metadata":{"emulator":{"name":"functions"},"message":"[worker-us-central1-api-2e67ed4a-5fb9-444c-acea-728819d63628]: BUSY"}}
[debug] [2022-02-05T17:04:41.055Z] [runtime-status] [11604] Functions runtime initialized. {"cwd":"C:\\Users\\Nikos\\Documents\\React Projects\\Eshop\\Front-end\\functions","node_version":"16.13.1"} {"metadata":{"emulator":{"name":"functions"},"function":{"name":"us-central1-api"},"message":"[runtime-status] [11604] Functions runtime initialized. {\"cwd\":\"C:\\\\Users\\\\Nikos\\\\Documents\\\\React Projects\\\\Eshop\\\\Front-end\\\\functions\",\"node_version\":\"16.13.1\"}"}}
[debug] [2022-02-05T17:04:41.057Z] [runtime-status] [11604] Disabled runtime features: undefined {"metadata":{"emulator":{"name":"functions"},"function":{"name":"us-central1-api"},"message":"[runtime-status] [11604] Disabled runtime features: undefined"}}
[debug] [2022-02-05T17:04:41.061Z] [runtime-status] [11604] Resolved module firebase-admin {"declared":true,"installed":true,"version":"9.12.0","resolution":"C:\\Users\\Nikos\\Documents\\React Projects\\Eshop\\Front-end\\functions\\node_modules\\firebase-admin\\lib\\index.js"} {"metadata":{"emulator":{"name":"functions"},"function":{"name":"us-central1-api"},"message":"[runtime-status] [11604] Resolved module firebase-admin {\"declared\":true,\"installed\":true,\"version\":\"9.12.0\",\"resolution\":\"C:\\\\Users\\\\Nikos\\\\Documents\\\\React Projects\\\\Eshop\\\\Front-end\\\\functions\\\\node_modules\\\\firebase-admin\\\\lib\\\\index.js\"}"}}
[debug] [2022-02-05T17:04:41.068Z] [runtime-status] [11604] Resolved module firebase-functions {"declared":true,"installed":true,"version":"3.16.0","resolution":"C:\\Users\\Nikos\\Documents\\React Projects\\Eshop\\Front-end\\functions\\node_modules\\firebase-functions\\lib\\index.js"} {"metadata":{"emulator":{"name":"functions"},"function":{"name":"us-central1-api"},"message":"[runtime-status] [11604] Resolved module firebase-functions {\"declared\":true,\"installed\":true,\"version\":\"3.16.0\",\"resolution\":\"C:\\\\Users\\\\Nikos\\\\Documents\\\\React Projects\\\\Eshop\\\\Front-end\\\\functions\\\\node_modules\\\\firebase-functions\\\\lib\\\\index.js\"}"}}
[debug] [2022-02-05T17:04:41.070Z] [runtime-status] [11604] Outgoing network have been stubbed. [{"name":"http","status":"mocked"},{"name":"http","status":"mocked"},{"name":"https","status":"mocked"},{"name":"https","status":"mocked"},{"name":"net","status":"mocked"}] {"metadata":{"emulator":{"name":"functions"},"function":{"name":"us-central1-api"},"message":"[runtime-status] [11604] Outgoing network have been stubbed. [{\"name\":\"http\",\"status\":\"mocked\"},{\"name\":\"http\",\"status\":\"mocked\"},{\"name\":\"https\",\"status\":\"mocked\"},{\"name\":\"https\",\"status\":\"mocked\"},{\"name\":\"net\",\"status\":\"mocked\"}]"}}
[debug] [2022-02-05T17:04:41.072Z] [runtime-status] [11604] Resolved module firebase-functions {"declared":true,"installed":true,"version":"3.16.0","resolution":"C:\\Users\\Nikos\\Documents\\React Projects\\Eshop\\Front-end\\functions\\node_modules\\firebase-functions\\lib\\index.js"} {"metadata":{"emulator":{"name":"functions"},"function":{"name":"us-central1-api"},"message":"[runtime-status] [11604] Resolved module firebase-functions {\"declared\":true,\"installed\":true,\"version\":\"3.16.0\",\"resolution\":\"C:\\\\Users\\\\Nikos\\\\Documents\\\\React Projects\\\\Eshop\\\\Front-end\\\\functions\\\\node_modules\\\\firebase-functions\\\\lib\\\\index.js\"}"}}
[debug] [2022-02-05T17:04:41.144Z] [runtime-status] [11604] Checked functions.config() {"config":{}} {"metadata":{"emulator":{"name":"functions"},"function":{"name":"us-central1-api"},"message":"[runtime-status] [11604] Checked functions.config() {\"config\":{}}"}}
[debug] [2022-02-05T17:04:41.145Z] [runtime-status] [11604] firebase-functions has been stubbed. {"functionsResolution":{"declared":true,"installed":true,"version":"3.16.0","resolution":"C:\\Users\\Nikos\\Documents\\React Projects\\Eshop\\Front-end\\functions\\node_modules\\firebase-functions\\lib\\index.js"}} {"metadata":{"emulator":{"name":"functions"},"function":{"name":"us-central1-api"},"message":"[runtime-status] [11604] firebase-functions has been stubbed. {\"functionsResolution\":{\"declared\":true,\"installed\":true,\"version\":\"3.16.0\",\"resolution\":\"C:\\\\Users\\\\Nikos\\\\Documents\\\\React Projects\\\\Eshop\\\\Front-end\\\\functions\\\\node_modules\\\\firebase-functions\\\\lib\\\\index.js\"}}"}}
[debug] [2022-02-05T17:04:41.148Z] [runtime-status] [11604] Resolved module firebase-functions {"declared":true,"installed":true,"version":"3.16.0","resolution":"C:\\Users\\Nikos\\Documents\\React Projects\\Eshop\\Front-end\\functions\\node_modules\\firebase-functions\\lib\\index.js"} {"metadata":{"emulator":{"name":"functions"},"function":{"name":"us-central1-api"},"message":"[runtime-status] [11604] Resolved module firebase-functions {\"declared\":true,\"installed\":true,\"version\":\"3.16.0\",\"resolution\":\"C:\\\\Users\\\\Nikos\\\\Documents\\\\React Projects\\\\Eshop\\\\Front-end\\\\functions\\\\node_modules\\\\firebase-functions\\\\lib\\\\index.js\"}"}}
[debug] [2022-02-05T17:04:41.151Z] [runtime-status] [11604] Resolved module firebase-admin {"declared":true,"installed":true,"version":"9.12.0","resolution":"C:\\Users\\Nikos\\Documents\\React Projects\\Eshop\\Front-end\\functions\\node_modules\\firebase-admin\\lib\\index.js"} {"metadata":{"emulator":{"name":"functions"},"function":{"name":"us-central1-api"},"message":"[runtime-status] [11604] Resolved module firebase-admin {\"declared\":true,\"installed\":true,\"version\":\"9.12.0\",\"resolution\":\"C:\\\\Users\\\\Nikos\\\\Documents\\\\React Projects\\\\Eshop\\\\Front-end\\\\functions\\\\node_modules\\\\firebase-admin\\\\lib\\\\index.js\"}"}}
[debug] [2022-02-05T17:04:41.152Z] [runtime-status] [11604] Resolved module firebase-functions {"declared":true,"installed":true,"version":"3.16.0","resolution":"C:\\Users\\Nikos\\Documents\\React Projects\\Eshop\\Front-end\\functions\\node_modules\\firebase-functions\\lib\\index.js"} {"metadata":{"emulator":{"name":"functions"},"function":{"name":"us-central1-api"},"message":"[runtime-status] [11604] Resolved module firebase-functions {\"declared\":true,\"installed\":true,\"version\":\"3.16.0\",\"resolution\":\"C:\\\\Users\\\\Nikos\\\\Documents\\\\React Projects\\\\Eshop\\\\Front-end\\\\functions\\\\node_modules\\\\firebase-functions\\\\lib\\\\index.js\"}"}}
[debug] [2022-02-05T17:04:41.153Z] [runtime-status] [11604] firebase-admin has been stubbed. {"adminResolution":{"declared":true,"installed":true,"version":"9.12.0","resolution":"C:\\Users\\Nikos\\Documents\\React Projects\\Eshop\\Front-end\\functions\\node_modules\\firebase-admin\\lib\\index.js"}} {"metadata":{"emulator":{"name":"functions"},"function":{"name":"us-central1-api"},"message":"[runtime-status] [11604] firebase-admin has been stubbed. {\"adminResolution\":{\"declared\":true,\"installed\":true,\"version\":\"9.12.0\",\"resolution\":\"C:\\\\Users\\\\Nikos\\\\Documents\\\\React Projects\\\\Eshop\\\\Front-end\\\\functions\\\\node_modules\\\\firebase-admin\\\\lib\\\\index.js\"}}"}}
[debug] [2022-02-05T17:04:41.428Z] [runtime-status] [11604] Trigger "us-central1-api" has been found, beginning invocation! {"metadata":{"emulator":{"name":"functions"},"function":{"name":"us-central1-api"},"message":"[runtime-status] [11604] Trigger \"us-central1-api\" has been found, beginning invocation!"}}
[info] i  functions: Beginning execution of "us-central1-api" {"metadata":{"emulator":{"name":"functions"},"function":{"name":"us-central1-api"},"message":"Beginning execution of \"us-central1-api\""}}
[debug] [2022-02-05T17:04:41.431Z] [runtime-status] [11604] triggerDefinition {"httpsTrigger":{},"name":"api","entryPoint":"api","regions":["us-central1"],"region":"us-central1","id":"us-central1-api","platform":"gcfv1"} {"metadata":{"emulator":{"name":"functions"},"function":{"name":"us-central1-api"},"message":"[runtime-status] [11604] triggerDefinition {\"httpsTrigger\":{},\"name\":\"api\",\"entryPoint\":\"api\",\"regions\":[\"us-central1\"],\"region\":\"us-central1\",\"id\":\"us-central1-api\",\"platform\":\"gcfv1\"}"}}
[debug] [2022-02-05T17:04:41.432Z] [runtime-status] [11604] Running us-central1-api in signature http {"metadata":{"emulator":{"name":"functions"},"function":{"name":"us-central1-api"},"message":"[runtime-status] [11604] Running us-central1-api in signature http"}}
[debug] [2022-02-05T17:04:41.436Z] [runtime-status] [11604] Attempting to listen to socketPath: \\?\pipe\C:\Users\Nikos\Documents\React Projects\Eshop\Front-end\functions\11604 {"metadata":{"emulator":{"name":"functions"},"function":{"name":"us-central1-api"},"message":"[runtime-status] [11604] Attempting to listen to socketPath: \\\\?\\pipe\\C:\\Users\\Nikos\\Documents\\React Projects\\Eshop\\Front-end\\functions\\11604"}}
[debug] [2022-02-05T17:04:41.441Z] [functions] Runtime ready! Sending request! {"metadata":{"emulator":{"name":"functions"},"message":"[functions] Runtime ready! Sending request!"}}
[debug] [2022-02-05T17:04:41.442Z] [functions] Got req.url=/eshop-8bfe9/us-central1/api, mapping to path=/ {"metadata":{"emulator":{"name":"functions"},"message":"[functions] Got req.url=/eshop-8bfe9/us-central1/api, mapping to path=/"}}
[debug] [2022-02-05T17:04:41.455Z] [runtime-status] [11604] Ephemeral server handling GET request {"metadata":{"emulator":{"name":"functions"},"function":{"name":"us-central1-api"},"message":"[runtime-status] [11604] Ephemeral server handling GET request"}}
[debug] [2022-02-05T17:04:41.469Z] [runtime-status] [11604] Ephemeral server survived. {"metadata":{"emulator":{"name":"functions"},"function":{"name":"us-central1-api"},"message":"[runtime-status] [11604] Ephemeral server survived."}}
[info] i  functions: Finished "us-central1-api" in ~1s {"metadata":{"emulator":{"name":"functions"},"function":{"name":"us-central1-api"},"message":"Finished \"us-central1-api\" in ~1s"}}
[debug] [2022-02-05T17:04:41.482Z] [worker-us-central1-api-2e67ed4a-5fb9-444c-acea-728819d63628]: IDLE {"metadata":{"emulator":{"name":"functions"},"message":"[worker-us-central1-api-2e67ed4a-5fb9-444c-acea-728819d63628]: IDLE"}}
[debug] [2022-02-05T17:04:41.482Z] [work-queue] {"queueLength":0,"workRunningCount":0}
[debug] [2022-02-05T17:04:41.589Z] Functions emulator received unknown request at path /favicon.ico
[debug] [2022-02-05T17:05:30.387Z] [work-queue] {"queueLength":1,"workRunningCount":0}
[debug] [2022-02-05T17:05:30.388Z] [work-queue] {"queueLength":0,"workRunningCount":1}
[debug] [2022-02-05T17:05:30.388Z] Accepted request OPTIONS /eshop-8bfe9/us-central1/api/payment/create --> us-central1-api
[debug] [2022-02-05T17:05:30.391Z] [worker-pool] submitWork(triggerId=us-central1-api) {"metadata":{"emulator":{"name":"functions"},"message":"[worker-pool] submitWork(triggerId=us-central1-api)"}}
[debug] [2022-02-05T17:05:30.391Z] [worker-us-central1-api-2e67ed4a-5fb9-444c-acea-728819d63628]: Assigning socketPath: \\?\pipe\C:\Users\Nikos\Documents\React Projects\Eshop\Front-end\functions\11604 {"metadata":{"emulator":{"name":"functions"},"message":"[worker-us-central1-api-2e67ed4a-5fb9-444c-acea-728819d63628]: Assigning socketPath: \\\\?\\pipe\\C:\\Users\\Nikos\\Documents\\React Projects\\Eshop\\Front-end\\functions\\11604"}}
[debug] [2022-02-05T17:05:30.392Z] [worker-us-central1-api-2e67ed4a-5fb9-444c-acea-728819d63628]: BUSY {"metadata":{"emulator":{"name":"functions"},"message":"[worker-us-central1-api-2e67ed4a-5fb9-444c-acea-728819d63628]: BUSY"}}
[debug] [2022-02-05T17:05:30.394Z] [runtime-status] [11604] Trigger "us-central1-api" has been found, beginning invocation! {"metadata":{"emulator":{"name":"functions"},"function":{"name":"us-central1-api"},"message":"[runtime-status] [11604] Trigger \"us-central1-api\" has been found, beginning invocation!"}}
[info] i  functions: Beginning execution of "us-central1-api" {"metadata":{"emulator":{"name":"functions"},"function":{"name":"us-central1-api"},"message":"Beginning execution of \"us-central1-api\""}}
[debug] [2022-02-05T17:05:30.399Z] [runtime-status] [11604] triggerDefinition {"httpsTrigger":{},"name":"api","entryPoint":"api","regions":["us-central1"],"region":"us-central1","id":"us-central1-api","platform":"gcfv1"} {"metadata":{"emulator":{"name":"functions"},"function":{"name":"us-central1-api"},"message":"[runtime-status] [11604] triggerDefinition {\"httpsTrigger\":{},\"name\":\"api\",\"entryPoint\":\"api\",\"regions\":[\"us-central1\"],\"region\":\"us-central1\",\"id\":\"us-central1-api\",\"platform\":\"gcfv1\"}"}}
[debug] [2022-02-05T17:05:30.400Z] [runtime-status] [11604] Running us-central1-api in signature http {"metadata":{"emulator":{"name":"functions"},"function":{"name":"us-central1-api"},"message":"[runtime-status] [11604] Running us-central1-api in signature http"}}
[debug] [2022-02-05T17:05:30.402Z] [runtime-status] [11604] Attempting to listen to socketPath: \\?\pipe\C:\Users\Nikos\Documents\React Projects\Eshop\Front-end\functions\11604 {"metadata":{"emulator":{"name":"functions"},"function":{"name":"us-central1-api"},"message":"[runtime-status] [11604] Attempting to listen to socketPath: \\\\?\\pipe\\C:\\Users\\Nikos\\Documents\\React Projects\\Eshop\\Front-end\\functions\\11604"}}
[debug] [2022-02-05T17:05:30.407Z] [functions] Runtime ready! Sending request! {"metadata":{"emulator":{"name":"functions"},"message":"[functions] Runtime ready! Sending request!"}}
[debug] [2022-02-05T17:05:30.408Z] [functions] Got req.url=/eshop-8bfe9/us-central1/api/payment/create, mapping to path=/payment/create {"metadata":{"emulator":{"name":"functions"},"message":"[functions] Got req.url=/eshop-8bfe9/us-central1/api/payment/create, mapping to path=/payment/create"}}
[debug] [2022-02-05T17:05:30.418Z] [runtime-status] [11604] Ephemeral server handling OPTIONS request {"metadata":{"emulator":{"name":"functions"},"function":{"name":"us-central1-api"},"message":"[runtime-status] [11604] Ephemeral server handling OPTIONS request"}}
[debug] [2022-02-05T17:05:30.420Z] [runtime-status] [11604] Ephemeral server survived. {"metadata":{"emulator":{"name":"functions"},"function":{"name":"us-central1-api"},"message":"[runtime-status] [11604] Ephemeral server survived."}}
[info] i  functions: Finished "us-central1-api" in ~1s {"metadata":{"emulator":{"name":"functions"},"function":{"name":"us-central1-api"},"message":"Finished \"us-central1-api\" in ~1s"}}
[debug] [2022-02-05T17:05:30.424Z] [work-queue] {"queueLength":1,"workRunningCount":1}
[debug] [2022-02-05T17:05:30.424Z] [work-queue] {"queueLength":0,"workRunningCount":2}
[debug] [2022-02-05T17:05:30.424Z] Accepted request POST /eshop-8bfe9/us-central1/api/payment/create --> us-central1-api
[debug] [2022-02-05T17:05:30.456Z] [worker-pool] addWorker(us-central1-api) {"metadata":{"emulator":{"name":"functions"},"message":"[worker-pool] addWorker(us-central1-api)"}}
[debug] [2022-02-05T17:05:30.457Z] [worker-pool] Adding worker with key us-central1-api, total=2 {"metadata":{"emulator":{"name":"functions"},"message":"[worker-pool] Adding worker with key us-central1-api, total=2"}}
[debug] [2022-02-05T17:05:30.457Z] [worker-pool] submitWork(triggerId=us-central1-api) {"metadata":{"emulator":{"name":"functions"},"message":"[worker-pool] submitWork(triggerId=us-central1-api)"}}
[debug] [2022-02-05T17:05:30.457Z] [worker-us-central1-api-b6f1cb6c-fa7a-498c-8188-fa6036c04077]: Assigning socketPath: \\?\pipe\C:\Users\Nikos\Documents\React Projects\Eshop\Front-end\functions\13704 {"metadata":{"emulator":{"name":"functions"},"message":"[worker-us-central1-api-b6f1cb6c-fa7a-498c-8188-fa6036c04077]: Assigning socketPath: \\\\?\\pipe\\C:\\Users\\Nikos\\Documents\\React Projects\\Eshop\\Front-end\\functions\\13704"}}
[debug] [2022-02-05T17:05:30.457Z] [worker-us-central1-api-b6f1cb6c-fa7a-498c-8188-fa6036c04077]: BUSY {"metadata":{"emulator":{"name":"functions"},"message":"[worker-us-central1-api-b6f1cb6c-fa7a-498c-8188-fa6036c04077]: BUSY"}}
[debug] [2022-02-05T17:05:30.458Z] [worker-us-central1-api-2e67ed4a-5fb9-444c-acea-728819d63628]: IDLE {"metadata":{"emulator":{"name":"functions"},"message":"[worker-us-central1-api-2e67ed4a-5fb9-444c-acea-728819d63628]: IDLE"}}
[debug] [2022-02-05T17:05:30.459Z] [work-queue] {"queueLength":0,"workRunningCount":1}
[debug] [2022-02-05T17:05:30.725Z] [runtime-status] [13704] Functions runtime initialized. {"cwd":"C:\\Users\\Nikos\\Documents\\React Projects\\Eshop\\Front-end\\functions","node_version":"16.13.1"} {"metadata":{"emulator":{"name":"functions"},"function":{"name":"us-central1-api"},"message":"[runtime-status] [13704] Functions runtime initialized. {\"cwd\":\"C:\\\\Users\\\\Nikos\\\\Documents\\\\React Projects\\\\Eshop\\\\Front-end\\\\functions\",\"node_version\":\"16.13.1\"}"}}
[debug] [2022-02-05T17:05:30.727Z] [runtime-status] [13704] Disabled runtime features: undefined {"metadata":{"emulator":{"name":"functions"},"function":{"name":"us-central1-api"},"message":"[runtime-status] [13704] Disabled runtime features: undefined"}}
[debug] [2022-02-05T17:05:30.731Z] [runtime-status] [13704] Resolved module firebase-admin {"declared":true,"installed":true,"version":"9.12.0","resolution":"C:\\Users\\Nikos\\Documents\\React Projects\\Eshop\\Front-end\\functions\\node_modules\\firebase-admin\\lib\\index.js"} {"metadata":{"emulator":{"name":"functions"},"function":{"name":"us-central1-api"},"message":"[runtime-status] [13704] Resolved module firebase-admin {\"declared\":true,\"installed\":true,\"version\":\"9.12.0\",\"resolution\":\"C:\\\\Users\\\\Nikos\\\\Documents\\\\React Projects\\\\Eshop\\\\Front-end\\\\functions\\\\node_modules\\\\firebase-admin\\\\lib\\\\index.js\"}"}}
[debug] [2022-02-05T17:05:30.736Z] [runtime-status] [13704] Resolved module firebase-functions {"declared":true,"installed":true,"version":"3.16.0","resolution":"C:\\Users\\Nikos\\Documents\\React Projects\\Eshop\\Front-end\\functions\\node_modules\\firebase-functions\\lib\\index.js"} {"metadata":{"emulator":{"name":"functions"},"function":{"name":"us-central1-api"},"message":"[runtime-status] [13704] Resolved module firebase-functions {\"declared\":true,\"installed\":true,\"version\":\"3.16.0\",\"resolution\":\"C:\\\\Users\\\\Nikos\\\\Documents\\\\React Projects\\\\Eshop\\\\Front-end\\\\functions\\\\node_modules\\\\firebase-functions\\\\lib\\\\index.js\"}"}}
[debug] [2022-02-05T17:05:30.738Z] [runtime-status] [13704] Outgoing network have been stubbed. [{"name":"http","status":"mocked"},{"name":"http","status":"mocked"},{"name":"https","status":"mocked"},{"name":"https","status":"mocked"},{"name":"net","status":"mocked"}] {"metadata":{"emulator":{"name":"functions"},"function":{"name":"us-central1-api"},"message":"[runtime-status] [13704] Outgoing network have been stubbed. [{\"name\":\"http\",\"status\":\"mocked\"},{\"name\":\"http\",\"status\":\"mocked\"},{\"name\":\"https\",\"status\":\"mocked\"},{\"name\":\"https\",\"status\":\"mocked\"},{\"name\":\"net\",\"status\":\"mocked\"}]"}}
[debug] [2022-02-05T17:05:30.739Z] [runtime-status] [13704] Resolved module firebase-functions {"declared":true,"installed":true,"version":"3.16.0","resolution":"C:\\Users\\Nikos\\Documents\\React Projects\\Eshop\\Front-end\\functions\\node_modules\\firebase-functions\\lib\\index.js"} {"metadata":{"emulator":{"name":"functions"},"function":{"name":"us-central1-api"},"message":"[runtime-status] [13704] Resolved module firebase-functions {\"declared\":true,\"installed\":true,\"version\":\"3.16.0\",\"resolution\":\"C:\\\\Users\\\\Nikos\\\\Documents\\\\React Projects\\\\Eshop\\\\Front-end\\\\functions\\\\node_modules\\\\firebase-functions\\\\lib\\\\index.js\"}"}}
[debug] [2022-02-05T17:05:30.807Z] [runtime-status] [13704] Checked functions.config() {"config":{}} {"metadata":{"emulator":{"name":"functions"},"function":{"name":"us-central1-api"},"message":"[runtime-status] [13704] Checked functions.config() {\"config\":{}}"}}
[debug] [2022-02-05T17:05:30.807Z] [runtime-status] [13704] firebase-functions has been stubbed. {"functionsResolution":{"declared":true,"installed":true,"version":"3.16.0","resolution":"C:\\Users\\Nikos\\Documents\\React Projects\\Eshop\\Front-end\\functions\\node_modules\\firebase-functions\\lib\\index.js"}} {"metadata":{"emulator":{"name":"functions"},"function":{"name":"us-central1-api"},"message":"[runtime-status] [13704] firebase-functions has been stubbed. {\"functionsResolution\":{\"declared\":true,\"installed\":true,\"version\":\"3.16.0\",\"resolution\":\"C:\\\\Users\\\\Nikos\\\\Documents\\\\React Projects\\\\Eshop\\\\Front-end\\\\functions\\\\node_modules\\\\firebase-functions\\\\lib\\\\index.js\"}}"}}
[debug] [2022-02-05T17:05:30.808Z] [runtime-status] [13704] Resolved module firebase-functions {"declared":true,"installed":true,"version":"3.16.0","resolution":"C:\\Users\\Nikos\\Documents\\React Projects\\Eshop\\Front-end\\functions\\node_modules\\firebase-functions\\lib\\index.js"} {"metadata":{"emulator":{"name":"functions"},"function":{"name":"us-central1-api"},"message":"[runtime-status] [13704] Resolved module firebase-functions {\"declared\":true,\"installed\":true,\"version\":\"3.16.0\",\"resolution\":\"C:\\\\Users\\\\Nikos\\\\Documents\\\\React Projects\\\\Eshop\\\\Front-end\\\\functions\\\\node_modules\\\\firebase-functions\\\\lib\\\\index.js\"}"}}
[debug] [2022-02-05T17:05:30.810Z] [runtime-status] [13704] Resolved module firebase-admin {"declared":true,"installed":true,"version":"9.12.0","resolution":"C:\\Users\\Nikos\\Documents\\React Projects\\Eshop\\Front-end\\functions\\node_modules\\firebase-admin\\lib\\index.js"} {"metadata":{"emulator":{"name":"functions"},"function":{"name":"us-central1-api"},"message":"[runtime-status] [13704] Resolved module firebase-admin {\"declared\":true,\"installed\":true,\"version\":\"9.12.0\",\"resolution\":\"C:\\\\Users\\\\Nikos\\\\Documents\\\\React Projects\\\\Eshop\\\\Front-end\\\\functions\\\\node_modules\\\\firebase-admin\\\\lib\\\\index.js\"}"}}
[debug] [2022-02-05T17:05:30.812Z] [runtime-status] [13704] Resolved module firebase-functions {"declared":true,"installed":true,"version":"3.16.0","resolution":"C:\\Users\\Nikos\\Documents\\React Projects\\Eshop\\Front-end\\functions\\node_modules\\firebase-functions\\lib\\index.js"} {"metadata":{"emulator":{"name":"functions"},"function":{"name":"us-central1-api"},"message":"[runtime-status] [13704] Resolved module firebase-functions {\"declared\":true,\"installed\":true,\"version\":\"3.16.0\",\"resolution\":\"C:\\\\Users\\\\Nikos\\\\Documents\\\\React Projects\\\\Eshop\\\\Front-end\\\\functions\\\\node_modules\\\\firebase-functions\\\\lib\\\\index.js\"}"}}
[debug] [2022-02-05T17:05:30.812Z] [runtime-status] [13704] firebase-admin has been stubbed. {"adminResolution":{"declared":true,"installed":true,"version":"9.12.0","resolution":"C:\\Users\\Nikos\\Documents\\React Projects\\Eshop\\Front-end\\functions\\node_modules\\firebase-admin\\lib\\index.js"}} {"metadata":{"emulator":{"name":"functions"},"function":{"name":"us-central1-api"},"message":"[runtime-status] [13704] firebase-admin has been stubbed. {\"adminResolution\":{\"declared\":true,\"installed\":true,\"version\":\"9.12.0\",\"resolution\":\"C:\\\\Users\\\\Nikos\\\\Documents\\\\React Projects\\\\Eshop\\\\Front-end\\\\functions\\\\node_modules\\\\firebase-admin\\\\lib\\\\index.js\"}}"}}
[debug] [2022-02-05T17:05:31.055Z] [runtime-status] [13704] Trigger "us-central1-api" has been found, beginning invocation! {"metadata":{"emulator":{"name":"functions"},"function":{"name":"us-central1-api"},"message":"[runtime-status] [13704] Trigger \"us-central1-api\" has been found, beginning invocation!"}}
[info] i  functions: Beginning execution of "us-central1-api" {"metadata":{"emulator":{"name":"functions"},"function":{"name":"us-central1-api"},"message":"Beginning execution of \"us-central1-api\""}}
[debug] [2022-02-05T17:05:31.056Z] [runtime-status] [13704] triggerDefinition {"httpsTrigger":{},"name":"api","entryPoint":"api","regions":["us-central1"],"region":"us-central1","id":"us-central1-api","platform":"gcfv1"} {"metadata":{"emulator":{"name":"functions"},"function":{"name":"us-central1-api"},"message":"[runtime-status] [13704] triggerDefinition {\"httpsTrigger\":{},\"name\":\"api\",\"entryPoint\":\"api\",\"regions\":[\"us-central1\"],\"region\":\"us-central1\",\"id\":\"us-central1-api\",\"platform\":\"gcfv1\"}"}}
[debug] [2022-02-05T17:05:31.057Z] [runtime-status] [13704] Running us-central1-api in signature http {"metadata":{"emulator":{"name":"functions"},"function":{"name":"us-central1-api"},"message":"[runtime-status] [13704] Running us-central1-api in signature http"}}
[debug] [2022-02-05T17:05:31.060Z] [runtime-status] [13704] Attempting to listen to socketPath: \\?\pipe\C:\Users\Nikos\Documents\React Projects\Eshop\Front-end\functions\13704 {"metadata":{"emulator":{"name":"functions"},"function":{"name":"us-central1-api"},"message":"[runtime-status] [13704] Attempting to listen to socketPath: \\\\?\\pipe\\C:\\Users\\Nikos\\Documents\\React Projects\\Eshop\\Front-end\\functions\\13704"}}
[debug] [2022-02-05T17:05:31.064Z] [functions] Runtime ready! Sending request! {"metadata":{"emulator":{"name":"functions"},"message":"[functions] Runtime ready! Sending request!"}}
[debug] [2022-02-05T17:05:31.065Z] [functions] Got req.url=/eshop-8bfe9/us-central1/api/payment/create, mapping to path=/payment/create {"metadata":{"emulator":{"name":"functions"},"message":"[functions] Got req.url=/eshop-8bfe9/us-central1/api/payment/create, mapping to path=/payment/create"}}
[debug] [2022-02-05T17:05:31.323Z] [runtime-status] [13704] Ephemeral server handling POST request {"metadata":{"emulator":{"name":"functions"},"function":{"name":"us-central1-api"},"message":"[runtime-status] [13704] Ephemeral server handling POST request"}}
[debug] [2022-02-05T17:05:31.346Z] [runtime-status] [13704] Ephemeral server survived. {"metadata":{"emulator":{"name":"functions"},"function":{"name":"us-central1-api"},"message":"[runtime-status] [13704] Ephemeral server survived."}}
[info] i  functions: Finished "us-central1-api" in ~1s {"metadata":{"emulator":{"name":"functions"},"function":{"name":"us-central1-api"},"message":"Finished \"us-central1-api\" in ~1s"}}
[debug] [2022-02-05T17:05:31.357Z] [worker-us-central1-api-b6f1cb6c-fa7a-498c-8188-fa6036c04077]: IDLE {"metadata":{"emulator":{"name":"functions"},"message":"[worker-us-central1-api-b6f1cb6c-fa7a-498c-8188-fa6036c04077]: IDLE"}}
[debug] [2022-02-05T17:05:31.357Z] [work-queue] {"queueLength":0,"workRunningCount":0}
[debug] [2022-02-05T17:09:19.160Z] [work-queue] {"queueLength":1,"workRunningCount":0}
[debug] [2022-02-05T17:09:19.161Z] [work-queue] {"queueLength":0,"workRunningCount":1}
[debug] [2022-02-05T17:09:19.161Z] Accepted request OPTIONS /eshop-8bfe9/us-central1/api/payment/create --> us-central1-api
[debug] [2022-02-05T17:09:19.163Z] [worker-pool] submitWork(triggerId=us-central1-api) {"metadata":{"emulator":{"name":"functions"},"message":"[worker-pool] submitWork(triggerId=us-central1-api)"}}
[debug] [2022-02-05T17:09:19.164Z] [worker-us-central1-api-2e67ed4a-5fb9-444c-acea-728819d63628]: Assigning socketPath: \\?\pipe\C:\Users\Nikos\Documents\React Projects\Eshop\Front-end\functions\11604 {"metadata":{"emulator":{"name":"functions"},"message":"[worker-us-central1-api-2e67ed4a-5fb9-444c-acea-728819d63628]: Assigning socketPath: \\\\?\\pipe\\C:\\Users\\Nikos\\Documents\\React Projects\\Eshop\\Front-end\\functions\\11604"}}
[debug] [2022-02-05T17:09:19.164Z] [worker-us-central1-api-2e67ed4a-5fb9-444c-acea-728819d63628]: BUSY {"metadata":{"emulator":{"name":"functions"},"message":"[worker-us-central1-api-2e67ed4a-5fb9-444c-acea-728819d63628]: BUSY"}}
[debug] [2022-02-05T17:09:19.167Z] [runtime-status] [11604] Trigger "us-central1-api" has been found, beginning invocation! {"metadata":{"emulator":{"name":"functions"},"function":{"name":"us-central1-api"},"message":"[runtime-status] [11604] Trigger \"us-central1-api\" has been found, beginning invocation!"}}
[info] i  functions: Beginning execution of "us-central1-api" {"metadata":{"emulator":{"name":"functions"},"function":{"name":"us-central1-api"},"message":"Beginning execution of \"us-central1-api\""}}
[debug] [2022-02-05T17:09:19.171Z] [runtime-status] [11604] triggerDefinition {"httpsTrigger":{},"name":"api","entryPoint":"api","regions":["us-central1"],"region":"us-central1","id":"us-central1-api","platform":"gcfv1"} {"metadata":{"emulator":{"name":"functions"},"function":{"name":"us-central1-api"},"message":"[runtime-status] [11604] triggerDefinition {\"httpsTrigger\":{},\"name\":\"api\",\"entryPoint\":\"api\",\"regions\":[\"us-central1\"],\"region\":\"us-central1\",\"id\":\"us-central1-api\",\"platform\":\"gcfv1\"}"}}
[debug] [2022-02-05T17:09:19.172Z] [runtime-status] [11604] Running us-central1-api in signature http {"metadata":{"emulator":{"name":"functions"},"function":{"name":"us-central1-api"},"message":"[runtime-status] [11604] Running us-central1-api in signature http"}}
[debug] [2022-02-05T17:09:19.173Z] [runtime-status] [11604] Attempting to listen to socketPath: \\?\pipe\C:\Users\Nikos\Documents\React Projects\Eshop\Front-end\functions\11604 {"metadata":{"emulator":{"name":"functions"},"function":{"name":"us-central1-api"},"message":"[runtime-status] [11604] Attempting to listen to socketPath: \\\\?\\pipe\\C:\\Users\\Nikos\\Documents\\React Projects\\Eshop\\Front-end\\functions\\11604"}}
[debug] [2022-02-05T17:09:19.180Z] [functions] Runtime ready! Sending request! {"metadata":{"emulator":{"name":"functions"},"message":"[functions] Runtime ready! Sending request!"}}
[debug] [2022-02-05T17:09:19.181Z] [functions] Got req.url=/eshop-8bfe9/us-central1/api/payment/create, mapping to path=/payment/create {"metadata":{"emulator":{"name":"functions"},"message":"[functions] Got req.url=/eshop-8bfe9/us-central1/api/payment/create, mapping to path=/payment/create"}}
[debug] [2022-02-05T17:09:19.188Z] [runtime-status] [11604] Ephemeral server handling OPTIONS request {"metadata":{"emulator":{"name":"functions"},"function":{"name":"us-central1-api"},"message":"[runtime-status] [11604] Ephemeral server handling OPTIONS request"}}
[debug] [2022-02-05T17:09:19.197Z] [runtime-status] [11604] Ephemeral server survived. {"metadata":{"emulator":{"name":"functions"},"function":{"name":"us-central1-api"},"message":"[runtime-status] [11604] Ephemeral server survived."}}
[info] i  functions: Finished "us-central1-api" in ~1s {"metadata":{"emulator":{"name":"functions"},"function":{"name":"us-central1-api"},"message":"Finished \"us-central1-api\" in ~1s"}}
[debug] [2022-02-05T17:09:19.203Z] [worker-us-central1-api-2e67ed4a-5fb9-444c-acea-728819d63628]: IDLE {"metadata":{"emulator":{"name":"functions"},"message":"[worker-us-central1-api-2e67ed4a-5fb9-444c-acea-728819d63628]: IDLE"}}
[debug] [2022-02-05T17:09:19.203Z] [work-queue] {"queueLength":0,"workRunningCount":0}
[debug] [2022-02-05T17:09:19.209Z] [work-queue] {"queueLength":1,"workRunningCount":0}
[debug] [2022-02-05T17:09:19.210Z] [work-queue] {"queueLength":0,"workRunningCount":1}
[debug] [2022-02-05T17:09:19.211Z] Accepted request POST /eshop-8bfe9/us-central1/api/payment/create --> us-central1-api
[debug] [2022-02-05T17:09:19.212Z] [worker-pool] submitWork(triggerId=us-central1-api) {"metadata":{"emulator":{"name":"functions"},"message":"[worker-pool] submitWork(triggerId=us-central1-api)"}}
[debug] [2022-02-05T17:09:19.212Z] [worker-us-central1-api-2e67ed4a-5fb9-444c-acea-728819d63628]: Assigning socketPath: \\?\pipe\C:\Users\Nikos\Documents\React Projects\Eshop\Front-end\functions\11604 {"metadata":{"emulator":{"name":"functions"},"message":"[worker-us-central1-api-2e67ed4a-5fb9-444c-acea-728819d63628]: Assigning socketPath: \\\\?\\pipe\\C:\\Users\\Nikos\\Documents\\React Projects\\Eshop\\Front-end\\functions\\11604"}}
[debug] [2022-02-05T17:09:19.213Z] [worker-us-central1-api-2e67ed4a-5fb9-444c-acea-728819d63628]: BUSY {"metadata":{"emulator":{"name":"functions"},"message":"[worker-us-central1-api-2e67ed4a-5fb9-444c-acea-728819d63628]: BUSY"}}
[debug] [2022-02-05T17:09:19.213Z] [runtime-status] [11604] Trigger "us-central1-api" has been found, beginning invocation! {"metadata":{"emulator":{"name":"functions"},"function":{"name":"us-central1-api"},"message":"[runtime-status] [11604] Trigger \"us-central1-api\" has been found, beginning invocation!"}}
[info] i  functions: Beginning execution of "us-central1-api" {"metadata":{"emulator":{"name":"functions"},"function":{"name":"us-central1-api"},"message":"Beginning execution of \"us-central1-api\""}}
[debug] [2022-02-05T17:09:19.215Z] [runtime-status] [11604] triggerDefinition {"httpsTrigger":{},"name":"api","entryPoint":"api","regions":["us-central1"],"region":"us-central1","id":"us-central1-api","platform":"gcfv1"} {"metadata":{"emulator":{"name":"functions"},"function":{"name":"us-central1-api"},"message":"[runtime-status] [11604] triggerDefinition {\"httpsTrigger\":{},\"name\":\"api\",\"entryPoint\":\"api\",\"regions\":[\"us-central1\"],\"region\":\"us-central1\",\"id\":\"us-central1-api\",\"platform\":\"gcfv1\"}"}}
[debug] [2022-02-05T17:09:19.215Z] [runtime-status] [11604] Running us-central1-api in signature http {"metadata":{"emulator":{"name":"functions"},"function":{"name":"us-central1-api"},"message":"[runtime-status] [11604] Running us-central1-api in signature http"}}
[debug] [2022-02-05T17:09:19.216Z] [runtime-status] [11604] Attempting to listen to socketPath: \\?\pipe\C:\Users\Nikos\Documents\React Projects\Eshop\Front-end\functions\11604 {"metadata":{"emulator":{"name":"functions"},"function":{"name":"us-central1-api"},"message":"[runtime-status] [11604] Attempting to listen to socketPath: \\\\?\\pipe\\C:\\Users\\Nikos\\Documents\\React Projects\\Eshop\\Front-end\\functions\\11604"}}
[debug] [2022-02-05T17:09:19.221Z] [functions] Runtime ready! Sending request! {"metadata":{"emulator":{"name":"functions"},"message":"[functions] Runtime ready! Sending request!"}}
[debug] [2022-02-05T17:09:19.221Z] [functions] Got req.url=/eshop-8bfe9/us-central1/api/payment/create, mapping to path=/payment/create {"metadata":{"emulator":{"name":"functions"},"message":"[functions] Got req.url=/eshop-8bfe9/us-central1/api/payment/create, mapping to path=/payment/create"}}
[debug] [2022-02-05T17:09:19.256Z] [runtime-status] [11604] Ephemeral server handling POST request {"metadata":{"emulator":{"name":"functions"},"function":{"name":"us-central1-api"},"message":"[runtime-status] [11604] Ephemeral server handling POST request"}}
[debug] [2022-02-05T17:09:19.259Z] [runtime-status] [11604] Ephemeral server survived. {"metadata":{"emulator":{"name":"functions"},"function":{"name":"us-central1-api"},"message":"[runtime-status] [11604] Ephemeral server survived."}}
[info] i  functions: Finished "us-central1-api" in ~1s {"metadata":{"emulator":{"name":"functions"},"function":{"name":"us-central1-api"},"message":"Finished \"us-central1-api\" in ~1s"}}
[debug] [2022-02-05T17:09:19.261Z] [worker-us-central1-api-2e67ed4a-5fb9-444c-acea-728819d63628]: IDLE {"metadata":{"emulator":{"name":"functions"},"message":"[worker-us-central1-api-2e67ed4a-5fb9-444c-acea-728819d63628]: IDLE"}}
[debug] [2022-02-05T17:09:19.261Z] [work-queue] {"queueLength":0,"workRunningCount":0}
[debug] [2022-02-05T17:18:08.092Z] [work-queue] {"queueLength":1,"workRunningCount":0}
[debug] [2022-02-05T17:18:08.093Z] [work-queue] {"queueLength":0,"workRunningCount":1}
[debug] [2022-02-05T17:18:08.094Z] Accepted request OPTIONS /eshop-8bfe9/us-central1/api/payment/create --> us-central1-api
[debug] [2022-02-05T17:18:08.095Z] [worker-pool] submitWork(triggerId=us-central1-api) {"metadata":{"emulator":{"name":"functions"},"message":"[worker-pool] submitWork(triggerId=us-central1-api)"}}
[debug] [2022-02-05T17:18:08.096Z] [worker-us-central1-api-2e67ed4a-5fb9-444c-acea-728819d63628]: Assigning socketPath: \\?\pipe\C:\Users\Nikos\Documents\React Projects\Eshop\Front-end\functions\11604 {"metadata":{"emulator":{"name":"functions"},"message":"[worker-us-central1-api-2e67ed4a-5fb9-444c-acea-728819d63628]: Assigning socketPath: \\\\?\\pipe\\C:\\Users\\Nikos\\Documents\\React Projects\\Eshop\\Front-end\\functions\\11604"}}
[debug] [2022-02-05T17:18:08.097Z] [worker-us-central1-api-2e67ed4a-5fb9-444c-acea-728819d63628]: BUSY {"metadata":{"emulator":{"name":"functions"},"message":"[worker-us-central1-api-2e67ed4a-5fb9-444c-acea-728819d63628]: BUSY"}}
[debug] [2022-02-05T17:18:08.099Z] [runtime-status] [11604] Trigger "us-central1-api" has been found, beginning invocation! {"metadata":{"emulator":{"name":"functions"},"function":{"name":"us-central1-api"},"message":"[runtime-status] [11604] Trigger \"us-central1-api\" has been found, beginning invocation!"}}
[info] i  functions: Beginning execution of "us-central1-api" {"metadata":{"emulator":{"name":"functions"},"function":{"name":"us-central1-api"},"message":"Beginning execution of \"us-central1-api\""}}
[debug] [2022-02-05T17:18:08.104Z] [runtime-status] [11604] triggerDefinition {"httpsTrigger":{},"name":"api","entryPoint":"api","regions":["us-central1"],"region":"us-central1","id":"us-central1-api","platform":"gcfv1"} {"metadata":{"emulator":{"name":"functions"},"function":{"name":"us-central1-api"},"message":"[runtime-status] [11604] triggerDefinition {\"httpsTrigger\":{},\"name\":\"api\",\"entryPoint\":\"api\",\"regions\":[\"us-central1\"],\"region\":\"us-central1\",\"id\":\"us-central1-api\",\"platform\":\"gcfv1\"}"}}
[debug] [2022-02-05T17:18:08.104Z] [runtime-status] [11604] Running us-central1-api in signature http {"metadata":{"emulator":{"name":"functions"},"function":{"name":"us-central1-api"},"message":"[runtime-status] [11604] Running us-central1-api in signature http"}}
[debug] [2022-02-05T17:18:08.106Z] [runtime-status] [11604] Attempting to listen to socketPath: \\?\pipe\C:\Users\Nikos\Documents\React Projects\Eshop\Front-end\functions\11604 {"metadata":{"emulator":{"name":"functions"},"function":{"name":"us-central1-api"},"message":"[runtime-status] [11604] Attempting to listen to socketPath: \\\\?\\pipe\\C:\\Users\\Nikos\\Documents\\React Projects\\Eshop\\Front-end\\functions\\11604"}}
[debug] [2022-02-05T17:18:08.113Z] [functions] Runtime ready! Sending request! {"metadata":{"emulator":{"name":"functions"},"message":"[functions] Runtime ready! Sending request!"}}
[debug] [2022-02-05T17:18:08.114Z] [functions] Got req.url=/eshop-8bfe9/us-central1/api/payment/create, mapping to path=/payment/create {"metadata":{"emulator":{"name":"functions"},"message":"[functions] Got req.url=/eshop-8bfe9/us-central1/api/payment/create, mapping to path=/payment/create"}}
[debug] [2022-02-05T17:18:08.119Z] [runtime-status] [11604] Ephemeral server handling OPTIONS request {"metadata":{"emulator":{"name":"functions"},"function":{"name":"us-central1-api"},"message":"[runtime-status] [11604] Ephemeral server handling OPTIONS request"}}
[debug] [2022-02-05T17:18:08.122Z] [runtime-status] [11604] Ephemeral server survived. {"metadata":{"emulator":{"name":"functions"},"function":{"name":"us-central1-api"},"message":"[runtime-status] [11604] Ephemeral server survived."}}
[info] i  functions: Finished "us-central1-api" in ~1s {"metadata":{"emulator":{"name":"functions"},"function":{"name":"us-central1-api"},"message":"Finished \"us-central1-api\" in ~1s"}}
[debug] [2022-02-05T17:18:08.125Z] [worker-us-central1-api-2e67ed4a-5fb9-444c-acea-728819d63628]: IDLE {"metadata":{"emulator":{"name":"functions"},"message":"[worker-us-central1-api-2e67ed4a-5fb9-444c-acea-728819d63628]: IDLE"}}
[debug] [2022-02-05T17:18:08.125Z] [work-queue] {"queueLength":0,"workRunningCount":0}
[debug] [2022-02-05T17:18:08.129Z] [work-queue] {"queueLength":1,"workRunningCount":0}
[debug] [2022-02-05T17:18:08.129Z] [work-queue] {"queueLength":0,"workRunningCount":1}
[debug] [2022-02-05T17:18:08.129Z] Accepted request POST /eshop-8bfe9/us-central1/api/payment/create --> us-central1-api
[debug] [2022-02-05T17:18:08.130Z] [worker-pool] submitWork(triggerId=us-central1-api) {"metadata":{"emulator":{"name":"functions"},"message":"[worker-pool] submitWork(triggerId=us-central1-api)"}}
[debug] [2022-02-05T17:18:08.131Z] [worker-us-central1-api-2e67ed4a-5fb9-444c-acea-728819d63628]: Assigning socketPath: \\?\pipe\C:\Users\Nikos\Documents\React Projects\Eshop\Front-end\functions\11604 {"metadata":{"emulator":{"name":"functions"},"message":"[worker-us-central1-api-2e67ed4a-5fb9-444c-acea-728819d63628]: Assigning socketPath: \\\\?\\pipe\\C:\\Users\\Nikos\\Documents\\React Projects\\Eshop\\Front-end\\functions\\11604"}}
[debug] [2022-02-05T17:18:08.131Z] [worker-us-central1-api-2e67ed4a-5fb9-444c-acea-728819d63628]: BUSY {"metadata":{"emulator":{"name":"functions"},"message":"[worker-us-central1-api-2e67ed4a-5fb9-444c-acea-728819d63628]: BUSY"}}
[debug] [2022-02-05T17:18:08.147Z] [runtime-status] [11604] Trigger "us-central1-api" has been found, beginning invocation! {"metadata":{"emulator":{"name":"functions"},"function":{"name":"us-central1-api"},"message":"[runtime-status] [11604] Trigger \"us-central1-api\" has been found, beginning invocation!"}}
[info] i  functions: Beginning execution of "us-central1-api" {"metadata":{"emulator":{"name":"functions"},"function":{"name":"us-central1-api"},"message":"Beginning execution of \"us-central1-api\""}}
[debug] [2022-02-05T17:18:08.149Z] [runtime-status] [11604] triggerDefinition {"httpsTrigger":{},"name":"api","entryPoint":"api","regions":["us-central1"],"region":"us-central1","id":"us-central1-api","platform":"gcfv1"} {"metadata":{"emulator":{"name":"functions"},"function":{"name":"us-central1-api"},"message":"[runtime-status] [11604] triggerDefinition {\"httpsTrigger\":{},\"name\":\"api\",\"entryPoint\":\"api\",\"regions\":[\"us-central1\"],\"region\":\"us-central1\",\"id\":\"us-central1-api\",\"platform\":\"gcfv1\"}"}}
[debug] [2022-02-05T17:18:08.149Z] [runtime-status] [11604] Running us-central1-api in signature http {"metadata":{"emulator":{"name":"functions"},"function":{"name":"us-central1-api"},"message":"[runtime-status] [11604] Running us-central1-api in signature http"}}
[debug] [2022-02-05T17:18:08.149Z] [runtime-status] [11604] Attempting to listen to socketPath: \\?\pipe\C:\Users\Nikos\Documents\React Projects\Eshop\Front-end\functions\11604 {"metadata":{"emulator":{"name":"functions"},"function":{"name":"us-central1-api"},"message":"[runtime-status] [11604] Attempting to listen to socketPath: \\\\?\\pipe\\C:\\Users\\Nikos\\Documents\\React Projects\\Eshop\\Front-end\\functions\\11604"}}
[debug] [2022-02-05T17:18:08.150Z] [functions] Runtime ready! Sending request! {"metadata":{"emulator":{"name":"functions"},"message":"[functions] Runtime ready! Sending request!"}}
[debug] [2022-02-05T17:18:08.151Z] [functions] Got req.url=/eshop-8bfe9/us-central1/api/payment/create, mapping to path=/payment/create {"metadata":{"emulator":{"name":"functions"},"message":"[functions] Got req.url=/eshop-8bfe9/us-central1/api/payment/create, mapping to path=/payment/create"}}
[debug] [2022-02-05T17:18:08.155Z] [runtime-status] [11604] Ephemeral server handling POST request {"metadata":{"emulator":{"name":"functions"},"function":{"name":"us-central1-api"},"message":"[runtime-status] [11604] Ephemeral server handling POST request"}}
[debug] [2022-02-05T17:18:08.157Z] [runtime-status] [11604] Ephemeral server survived. {"metadata":{"emulator":{"name":"functions"},"function":{"name":"us-central1-api"},"message":"[runtime-status] [11604] Ephemeral server survived."}}
[info] i  functions: Finished "us-central1-api" in ~1s {"metadata":{"emulator":{"name":"functions"},"function":{"name":"us-central1-api"},"message":"Finished \"us-central1-api\" in ~1s"}}
[debug] [2022-02-05T17:18:08.158Z] [worker-us-central1-api-2e67ed4a-5fb9-444c-acea-728819d63628]: IDLE {"metadata":{"emulator":{"name":"functions"},"message":"[worker-us-central1-api-2e67ed4a-5fb9-444c-acea-728819d63628]: IDLE"}}
[debug] [2022-02-05T17:18:08.159Z] [work-queue] {"queueLength":0,"workRunningCount":0}
[debug] [2022-02-05T17:31:53.910Z] [worker-us-central1-api-b6f1cb6c-fa7a-498c-8188-fa6036c04077]: exited {"metadata":{"emulator":{"name":"functions"},"message":"[worker-us-central1-api-b6f1cb6c-fa7a-498c-8188-fa6036c04077]: exited"}}
[debug] [2022-02-05T17:31:53.911Z] [worker-us-central1-api-b6f1cb6c-fa7a-498c-8188-fa6036c04077]: FINISHED {"metadata":{"emulator":{"name":"functions"},"message":"[worker-us-central1-api-b6f1cb6c-fa7a-498c-8188-fa6036c04077]: FINISHED"}}
[debug] [2022-02-05T17:31:53.915Z] Received signal SIGHUP 1
